<?xml version="1.0" encoding="UTF-8" ?>
<testsuite tests="20" failures="1" name="TestSuite" time="79.598" errors="0" skipped="0">
  <properties>
    <property name="java.runtime.name" value="Java(TM) SE Runtime Environment"/>
    <property name="java.vm.version" value="13.0.1+9"/>
    <property name="sun.boot.library.path" value="C:\Program Files\Java\jdk-13.0.1\bin"/>
    <property name="maven.multiModuleProjectDirectory" value="C:\Users\HP\IdeaProjects\seleniumZero"/>
    <property name="java.vm.vendor" value="Oracle Corporation"/>
    <property name="java.vendor.url" value="https://java.oracle.com/"/>
    <property name="guice.disable.misplaced.annotation.check" value="true"/>
    <property name="path.separator" value=";"/>
    <property name="java.vm.name" value="Java HotSpot(TM) 64-Bit Server VM"/>
    <property name="sun.os.patch.level" value=""/>
    <property name="user.script" value=""/>
    <property name="user.country" value="US"/>
    <property name="sun.java.launcher" value="SUN_STANDARD"/>
    <property name="java.vm.specification.name" value="Java Virtual Machine Specification"/>
    <property name="user.dir" value="C:\Users\HP\IdeaProjects\seleniumZero"/>
    <property name="java.vm.compressedOopsMode" value="32-bit"/>
    <property name="java.runtime.version" value="13.0.1+9"/>
    <property name="os.arch" value="amd64"/>
    <property name="File" value="runnerTest.xml"/>
    <property name="java.io.tmpdir" value="C:\Users\HP\AppData\Local\Temp\"/>
    <property name="line.separator" value="
"/>
    <property name="java.vm.specification.vendor" value="Oracle Corporation"/>
    <property name="user.variant" value=""/>
    <property name="os.name" value="Windows 10"/>
    <property name="classworlds.conf" value="C:\Users\HP\Desktop\maven\apache-maven-3.6.3\bin\..\bin\m2.conf"/>
    <property name="sun.jnu.encoding" value="MS874"/>
    <property name="java.library.path" value="C:\Program Files\Java\jdk-13.0.1\bin;C:\WINDOWS\Sun\Java\bin;C:\WINDOWS\system32;C:\WINDOWS;C:\Program Files (x86)\Common Files\Oracle\Java\javapath;C:\windows\system32;C:\windows;C:\windows\System32\Wbem;C:\windows\System32\WindowsPowerShell\v1.0\;C:\windows\System32\OpenSSH\;C:\Program Files (x86)\NVIDIA Corporation\PhysX\Common;C:\Program Files\NVIDIA Corporation\NVIDIA NvDLISR;C:\WINDOWS\system32;C:\WINDOWS;C:\WINDOWS\System32\Wbem;C:\WINDOWS\System32\WindowsPowerShell\v1.0\;C:\WINDOWS\System32\OpenSSH\;C:\Program Files (x86)\Calibre2\;C:\Program Files\Java\jdk1.8.0_231\bin;C:\Users\HP\AppData\Local\Android\Sdk\tools;C:\Users\HP\AppData\Local\Android\Sdk\platform-tools;C:\Program Files\Java\jdk-13.0.1\bin;C:\Program Files (x86)\Brackets\command;C:\Program Files\nodejs\;C:\ProgramData\chocolatey\bin;C:\Program Files\Git\cmd;C:\Users\HP\AppData\Local\Microsoft\WindowsApps;C:\Program Files\Java\jdk-13.0.1\bin;C:\Users\HP\AppData\Local\GitHubDesktop\bin;C:\Users\HP\Desktop\maven\apache-maven-3.6.3\bin;;C:\Users\HP\AppData\Local\Programs\Microsoft VS Code\bin;C:\Users\HP\AppData\Roaming\npm;%USERPROFILE%\AppData\Local\Microsoft\WindowsApps;."/>
    <property name="maven.conf" value="C:\Users\HP\Desktop\maven\apache-maven-3.6.3\bin\../conf"/>
    <property name="jdk.debug" value="release"/>
    <property name="java.class.version" value="57.0"/>
    <property name="java.specification.name" value="Java Platform API Specification"/>
    <property name="sun.management.compiler" value="HotSpot 64-Bit Tiered Compilers"/>
    <property name="os.version" value="10.0"/>
    <property name="library.jansi.path" value="C:\Users\HP\Desktop\maven\apache-maven-3.6.3\bin\..\lib\jansi-native"/>
    <property name="user.home" value="C:\Users\HP"/>
    <property name="user.timezone" value="Europe/London"/>
    <property name="file.encoding" value="Cp1252"/>
    <property name="java.specification.version" value="13"/>
    <property name="user.name" value="HP"/>
    <property name="java.class.path" value="C:\Users\HP\Desktop\maven\apache-maven-3.6.3\bin\..\boot\plexus-classworlds-2.6.0.jar"/>
    <property name="java.vm.specification.version" value="13"/>
    <property name="sun.arch.data.model" value="64"/>
    <property name="sun.java.command" value="org.codehaus.plexus.classworlds.launcher.Launcher verify -DFile=runnerTest.xml"/>
    <property name="java.home" value="C:\Program Files\Java\jdk-13.0.1"/>
    <property name="user.language" value="en"/>
    <property name="java.specification.vendor" value="Oracle Corporation"/>
    <property name="java.vm.info" value="mixed mode, sharing"/>
    <property name="java.version" value="13.0.1"/>
    <property name="java.vendor" value="Oracle Corporation"/>
    <property name="sun.stderr.encoding" value="ms874"/>
    <property name="maven.home" value="C:\Users\HP\Desktop\maven\apache-maven-3.6.3\bin\.."/>
    <property name="file.separator" value="\"/>
    <property name="java.version.date" value="2019-10-15"/>
    <property name="java.vendor.url.bug" value="https://bugreport.java.com/bugreport/"/>
    <property name="sun.io.unicode.encoding" value="UnicodeLittle"/>
    <property name="sun.cpu.endian" value="little"/>
    <property name="sun.stdout.encoding" value="ms874"/>
    <property name="sun.cpu.isalist" value="amd64"/>
  </properties>
  <testcase classname="seleniumZero.Tests.AccountSummaryTest" name="Acc" time="14.207"/>
  <testcase classname="seleniumZero.Tests.loginTest" name="login" time="5.529"/>
  <testcase classname="seleniumZero.Tests.loginTest" name="login1" time="3.537"/>
  <testcase classname="seleniumZero.Tests.loginTest" name="login1" time="1.795"/>
  <testcase classname="seleniumZero.Tests.loginTest" name="login1" time="1.688"/>
  <testcase classname="seleniumZero.Tests.loginTest" name="login1" time="1.69"/>
  <testcase classname="seleniumZero.Tests.loginTest" name="login1" time="1.733"/>
  <testcase classname="seleniumZero.Tests.loginTest" name="login1" time="1.71"/>
  <testcase classname="seleniumZero.Tests.loginTest" name="login1" time="1.788"/>
  <testcase classname="seleniumZero.Tests.loginTest" name="login1" time="2.004"/>
  <testcase classname="seleniumZero.Tests.loginTest" name="login2" time="5.377"/>
  <testcase classname="seleniumZero.Tests.loginTest" name="login2" time="3.803"/>
  <testcase classname="seleniumZero.Tests.loginTest" name="login2" time="4.299"/>
  <testcase classname="seleniumZero.Tests.loginTest" name="login2" time="3.738"/>
  <testcase classname="seleniumZero.Tests.loginTest" name="login2" time="3.706"/>
  <testcase classname="seleniumZero.Tests.loginTest" name="login2" time="3.76"/>
  <testcase classname="seleniumZero.Tests.loginTest" name="login2" time="3.708"/>
  <testcase classname="seleniumZero.Tests.loginTest" name="login2" time="3.68"/>
  <testcase classname="seleniumZero.Tests.loginTest" name="login2" time="3.848"/>
  <testcase classname="seleniumZero.Tests.MainTest" name="main" time="7.998">
    <failure message="expected [true] but found [false]" type="java.lang.AssertionError">java.lang.AssertionError: expected [true] but found [false]
	at org.testng.Assert.fail(Assert.java:97)
	at org.testng.Assert.failNotEquals(Assert.java:969)
	at org.testng.Assert.assertTrue(Assert.java:43)
	at org.testng.Assert.assertTrue(Assert.java:53)
	at seleniumZero.Tests.MainTest.main(MainTest.java:49)
</failure>
    <system-out>Transfer is Displayed = true
Online Banking menu = true
onlineBankMoreServices = true
money_map_link = true
accountActivityLink = true
SearchBox = true
</system-out>
    <system-err>Starting ChromeDriver 87.0.4280.88 (89e2380a3e36c3464b5dd1302349b1382549290d-refs/branch-heads/4280@{#1761}) on port 45319
Only local connections are allowed.
Please see https://chromedriver.chromium.org/security-considerations for suggestions on keeping ChromeDriver safe.
ChromeDriver was started successfully.
Dec 16, 2020 2:33:34 AM org.openqa.selenium.remote.ProtocolHandshake createSession
INFO: Detected dialect: W3C
</system-err>
  </testcase>
</testsuite>