<?xml version="1.0" encoding="UTF-8"?>
<!-- Generated by org.testng.reporters.JUnitReportReporter -->
<testsuite hostname="DESKTOP-HLEND38" failures="0" tests="18" name="seleniumZero.Tests.loginTest" time="165.123" errors="0" timestamp="2020-12-16T02:33:47 GMT" skipped="0">
  <testcase classname="seleniumZero.Tests.loginTest" name="login1" time="7.702"/>
  <system-out/>
  <testcase classname="seleniumZero.Tests.loginTest" name="login2" time="10.368"/>
  <system-out/>
  <testcase classname="seleniumZero.Tests.loginTest" name="login1" time="9.407"/>
  <system-out/>
  <testcase classname="seleniumZero.Tests.loginTest" name="login2" time="9.574"/>
  <system-out/>
  <testcase classname="seleniumZero.Tests.loginTest" name="login" time="11.400"/>
  <system-out/>
  <testcase classname="seleniumZero.Tests.loginTest" name="login2" time="10.249"/>
  <system-out/>
  <testcase classname="seleniumZero.Tests.loginTest" name="login2" time="9.612"/>
  <system-out/>
  <testcase classname="seleniumZero.Tests.loginTest" name="login2" time="9.659"/>
  <system-out/>
  <testcase classname="seleniumZero.Tests.loginTest" name="login2" time="9.577"/>
  <system-out/>
  <testcase classname="seleniumZero.Tests.loginTest" name="login1" time="8.166"/>
  <system-out/>
  <testcase classname="seleniumZero.Tests.loginTest" name="login1" time="7.665"/>
  <system-out/>
  <testcase classname="seleniumZero.Tests.loginTest" name="login2" time="9.713"/>
  <system-out/>
  <testcase classname="seleniumZero.Tests.loginTest" name="login1" time="7.811"/>
  <system-out/>
  <testcase classname="seleniumZero.Tests.loginTest" name="login2" time="11.290"/>
  <system-out/>
  <testcase classname="seleniumZero.Tests.loginTest" name="login1" time="7.845"/>
  <system-out/>
  <testcase classname="seleniumZero.Tests.loginTest" name="login1" time="7.532"/>
  <system-out/>
  <testcase classname="seleniumZero.Tests.loginTest" name="login2" time="9.845"/>
  <system-out/>
  <testcase classname="seleniumZero.Tests.loginTest" name="login1" time="7.708"/>
  <system-out/>
</testsuite> <!-- seleniumZero.Tests.loginTest -->
