<?xml version="1.0" encoding="UTF-8"?>
<!-- Generated by org.testng.reporters.JUnitReportReporter -->
<testsuite hostname="DESKTOP-HLEND38" failures="0" tests="1" name="seleniumZero.Tests.AccountSummaryTest" time="20.512" errors="0" timestamp="2020-12-16T02:33:47 GMT" skipped="0">
  <testcase classname="seleniumZero.Tests.AccountSummaryTest" name="Acc" time="20.512"/>
  <system-out/>
</testsuite> <!-- seleniumZero.Tests.AccountSummaryTest -->
